#
# There is insufficient memory for the Java Runtime Environment to continue.
# Native memory allocation (malloc) failed to allocate 108896 bytes for Chunk::new
# Possible reasons:
#   The system is out of physical RAM or swap space
#   The process is running with CompressedOops enabled, and the Java Heap may be blocking the growth of the native heap
# Possible solutions:
#   Reduce memory load on the system
#   Increase physical memory or swap space
#   Check if swap backing store is full
#   Decrease Java heap size (-Xmx/-Xms)
#   Decrease number of Java threads
#   Decrease Java thread stack sizes (-Xss)
#   Set larger code cache with -XX:ReservedCodeCacheSize=
#   JVM is running with Zero Based Compressed Oops mode in which the Java heap is
#     placed in the first 32GB address space. The Java Heap base address is the
#     maximum limit for the native heap growth. Please use -XX:HeapBaseMinAddress
#     to set the Java Heap base and to place the Java Heap above 32GB virtual address.
# This output file may be truncated or incomplete.
#
#  Out of Memory Error (arena.cpp:189), pid=10432, tid=7660
#
# JRE version: OpenJDK Runtime Environment JBR-17.0.6+10-829.9-jcef (17.0.6+10) (build 17.0.6+10-b829.9)
# Java VM: OpenJDK 64-Bit Server VM JBR-17.0.6+10-829.9-jcef (17.0.6+10-b829.9, mixed mode, tiered, compressed oops, compressed class ptrs, g1 gc, windows-amd64)
# No core dump will be written. Minidumps are not enabled by default on client versions of Windows
#

---------------  S U M M A R Y ------------

Command Line: git4idea.http.GitAskPassApp Username for 'https://github.com': 

Host: AMD Ryzen 7 5800U with Radeon Graphics         , 16 cores, 15G,  Windows 11 , 64 bit Build 22621 (10.0.22621.1635)
Time: Wed May 17 14:08:43 2023  Windows 11 , 64 bit Build 22621 (10.0.22621.1635) elapsed time: 0.459499 seconds (0d 0h 0m 0s)

---------------  T H R E A D  ---------------

Current thread (0x0000014bd9846a50):  JavaThread "C2 CompilerThread0" daemon [_thread_in_native, id=7660, stack(0x00000014e1f00000,0x00000014e2000000)]


Current CompileTask:
C2:    459  564 %     4       sun.security.provider.SHA::implCompress0 @ 27 (506 bytes)

Stack: [0x00000014e1f00000,0x00000014e2000000]
Native frames: (J=compiled Java code, j=interpreted, Vv=VM code, C=native code)
V  [jvm.dll+0x683c5a]
V  [jvm.dll+0x842764]
V  [jvm.dll+0x843f5e]
V  [jvm.dll+0x8445c3]
V  [jvm.dll+0x249b75]
V  [jvm.dll+0xabcac]
V  [jvm.dll+0xac27c]
V  [jvm.dll+0x2b0eef]
V  [jvm.dll+0x58a267]
V  [jvm.dll+0x2243b2]
V  [jvm.dll+0x21dbe9]
V  [jvm.dll+0x21b51b]
V  [jvm.dll+0x1a4fdd]
V  [jvm.dll+0x22b098]
V  [jvm.dll+0x229159]
V  [jvm.dll+0x7f81ac]
V  [jvm.dll+0x7f270a]
V  [jvm.dll+0x682a95]
C  [ucrtbase.dll+0x29363]
C  [KERNEL32.DLL+0x126ad]
C  [ntdll.dll+0x5a9f8]


---------------  P R O C E S S  ---------------

Threads class SMR info:
_java_thread_list=0x0000014bda552f90, length=15, elements={
0x0000014bba51b860, 0x0000014bd9437730, 0x0000014bd94380e0, 0x0000014bd9844040,
0x0000014bd9844600, 0x0000014bd9844fb0, 0x0000014bd9845d70, 0x0000014bd9846a50,
0x0000014bd9891010, 0x0000014bd9892920, 0x0000014bd99df670, 0x0000014bd99ee590,
0x0000014bd99f0300, 0x0000014bd99fd480, 0x0000014bda586020
}

Java Threads: ( => current thread )
  0x0000014bba51b860 JavaThread "main" [_thread_in_vm, id=18556, stack(0x00000014e1200000,0x00000014e1300000)]
  0x0000014bd9437730 JavaThread "Reference Handler" daemon [_thread_blocked, id=13580, stack(0x00000014e1900000,0x00000014e1a00000)]
  0x0000014bd94380e0 JavaThread "Finalizer" daemon [_thread_blocked, id=20212, stack(0x00000014e1a00000,0x00000014e1b00000)]
  0x0000014bd9844040 JavaThread "Signal Dispatcher" daemon [_thread_blocked, id=18452, stack(0x00000014e1b00000,0x00000014e1c00000)]
  0x0000014bd9844600 JavaThread "Attach Listener" daemon [_thread_blocked, id=11584, stack(0x00000014e1c00000,0x00000014e1d00000)]
  0x0000014bd9844fb0 JavaThread "Service Thread" daemon [_thread_blocked, id=8612, stack(0x00000014e1d00000,0x00000014e1e00000)]
  0x0000014bd9845d70 JavaThread "Monitor Deflation Thread" daemon [_thread_blocked, id=4472, stack(0x00000014e1e00000,0x00000014e1f00000)]
=>0x0000014bd9846a50 JavaThread "C2 CompilerThread0" daemon [_thread_in_native, id=7660, stack(0x00000014e1f00000,0x00000014e2000000)]
  0x0000014bd9891010 JavaThread "C1 CompilerThread0" daemon [_thread_blocked, id=5088, stack(0x00000014e2000000,0x00000014e2100000)]
  0x0000014bd9892920 JavaThread "Sweeper thread" daemon [_thread_blocked, id=9756, stack(0x00000014e2100000,0x00000014e2200000)]
  0x0000014bd99df670 JavaThread "C1 CompilerThread1" daemon [_thread_in_native, id=7732, stack(0x00000014e2200000,0x00000014e2300000)]
  0x0000014bd99ee590 JavaThread "C1 CompilerThread2" daemon [_thread_blocked, id=11820, stack(0x00000014e2300000,0x00000014e2400000)]
  0x0000014bd99f0300 JavaThread "Notification Thread" daemon [_thread_blocked, id=11760, stack(0x00000014e2400000,0x00000014e2500000)]
  0x0000014bd99fd480 JavaThread "Common-Cleaner" daemon [_thread_blocked, id=13612, stack(0x00000014e2600000,0x00000014e2700000)]
  0x0000014bda586020 JavaThread "C1 CompilerThread3" daemon [_thread_in_native, id=10400, stack(0x00000014e2700000,0x00000014e2800000)]

Other Threads:
  0x0000014bd93f7830 VMThread "VM Thread" [stack: 0x00000014e1800000,0x00000014e1900000] [id=4236]
  0x0000014bd993fd70 WatcherThread [stack: 0x00000014e2500000,0x00000014e2600000] [id=7388]
  0x0000014bba585670 GCTaskThread "GC Thread#0" [stack: 0x00000014e1300000,0x00000014e1400000] [id=20136]
  0x0000014bba596cb0 ConcurrentGCThread "G1 Main Marker" [stack: 0x00000014e1400000,0x00000014e1500000] [id=19780]
  0x0000014bba599d70 ConcurrentGCThread "G1 Conc#0" [stack: 0x00000014e1500000,0x00000014e1600000] [id=2688]
  0x0000014bba5ddff0 ConcurrentGCThread "G1 Refine#0" [stack: 0x00000014e1600000,0x00000014e1700000] [id=9588]
  0x0000014bba5de7b0 ConcurrentGCThread "G1 Service" [stack: 0x00000014e1700000,0x00000014e1800000] [id=6724]

Threads with active compile tasks:
C2 CompilerThread0      485  564 %     4       sun.security.provider.SHA::implCompress0 @ 27 (506 bytes)
C1 CompilerThread1      485  568       3       sun.invoke.util.VerifyAccess::isTypeVisible (118 bytes)
C1 CompilerThread3      485  554       3       sun.security.provider.ByteArrayAccess::b2iBig64 (231 bytes)

VM state: not at safepoint (normal execution)

VM Mutex/Monitor currently owned by a thread:  ([mutex/lock_event])
[0x0000014bba515cc0] Metaspace_lock - owner thread: 0x0000014bba51b860

Heap address: 0x000000070a600000, size: 3930 MB, Compressed Oops mode: Zero based, Oop shift amount: 3

CDS archive(s) not mapped
Compressed class space mapped at: 0x0000000800000000-0x0000000840000000, reserved size: 1073741824
Narrow klass base: 0x0000000800000000, Narrow klass shift: 0, Narrow klass range: 0x40000000

GC Precious Log:
 CPUs: 16 total, 16 available
 Memory: 15715M
 Large Page Support: Disabled
 NUMA Support: Disabled
 Compressed Oops: Enabled (Zero based)
 Heap Region Size: 2M
 Heap Min Capacity: 8M
 Heap Initial Capacity: 246M
 Heap Max Capacity: 3930M
 Pre-touch: Disabled
 Parallel Workers: 13
 Concurrent Workers: 3
 Concurrent Refinement Workers: 13
 Periodic GC: Disabled

Heap:
 garbage-first heap   total 251904K, used 6144K [0x000000070a600000, 0x0000000800000000)
  region size 2048K, 4 young (8192K), 0 survivors (0K)
 Metaspace       used 10065K, committed 10176K, reserved 1064960K
  class space    used 943K, committed 1024K, reserved 1048576K

Heap Regions: E=young(eden), S=young(survivor), O=old, HS=humongous(starts), HC=humongous(continues), CS=collection set, F=free, OA=open archive, CA=closed archive, TAMS=top-at-mark-start (previous, next)
|   0|0x000000070a600000, 0x000000070a600000, 0x000000070a800000|  0%| F|  |TAMS 0x000000070a600000, 0x000000070a600000| Untracked 
|   1|0x000000070a800000, 0x000000070a800000, 0x000000070aa00000|  0%| F|  |TAMS 0x000000070a800000, 0x000000070a800000| Untracked 
|   2|0x000000070aa00000, 0x000000070aa00000, 0x000000070ac00000|  0%| F|  |TAMS 0x000000070aa00000, 0x000000070aa00000| Untracked 
|   3|0x000000070ac00000, 0x000000070ac00000, 0x000000070ae00000|  0%| F|  |TAMS 0x000000070ac00000, 0x000000070ac00000| Untracked 
|   4|0x000000070ae00000, 0x000000070ae00000, 0x000000070b000000|  0%| F|  |TAMS 0x000000070ae00000, 0x000000070ae00000| Untracked 
|   5|0x000000070b000000, 0x000000070b000000, 0x000000070b200000|  0%| F|  |TAMS 0x000000070b000000, 0x000000070b000000| Untracked 
|   6|0x000000070b200000, 0x000000070b200000, 0x000000070b400000|  0%| F|  |TAMS 0x000000070b200000, 0x000000070b200000| Untracked 
|   7|0x000000070b400000, 0x000000070b400000, 0x000000070b600000|  0%| F|  |TAMS 0x000000070b400000, 0x000000070b400000| Untracked 
|   8|0x000000070b600000, 0x000000070b600000, 0x000000070b800000|  0%| F|  |TAMS 0x000000070b600000, 0x000000070b600000| Untracked 
|   9|0x000000070b800000, 0x000000070b800000, 0x000000070ba00000|  0%| F|  |TAMS 0x000000070b800000, 0x000000070b800000| Untracked 
|  10|0x000000070ba00000, 0x000000070ba00000, 0x000000070bc00000|  0%| F|  |TAMS 0x000000070ba00000, 0x000000070ba00000| Untracked 
|  11|0x000000070bc00000, 0x000000070bc00000, 0x000000070be00000|  0%| F|  |TAMS 0x000000070bc00000, 0x000000070bc00000| Untracked 
|  12|0x000000070be00000, 0x000000070be00000, 0x000000070c000000|  0%| F|  |TAMS 0x000000070be00000, 0x000000070be00000| Untracked 
|  13|0x000000070c000000, 0x000000070c000000, 0x000000070c200000|  0%| F|  |TAMS 0x000000070c000000, 0x000000070c000000| Untracked 
|  14|0x000000070c200000, 0x000000070c200000, 0x000000070c400000|  0%| F|  |TAMS 0x000000070c200000, 0x000000070c200000| Untracked 
|  15|0x000000070c400000, 0x000000070c400000, 0x000000070c600000|  0%| F|  |TAMS 0x000000070c400000, 0x000000070c400000| Untracked 
|  16|0x000000070c600000, 0x000000070c600000, 0x000000070c800000|  0%| F|  |TAMS 0x000000070c600000, 0x000000070c600000| Untracked 
|  17|0x000000070c800000, 0x000000070c800000, 0x000000070ca00000|  0%| F|  |TAMS 0x000000070c800000, 0x000000070c800000| Untracked 
|  18|0x000000070ca00000, 0x000000070ca00000, 0x000000070cc00000|  0%| F|  |TAMS 0x000000070ca00000, 0x000000070ca00000| Untracked 
|  19|0x000000070cc00000, 0x000000070cc00000, 0x000000070ce00000|  0%| F|  |TAMS 0x000000070cc00000, 0x000000070cc00000| Untracked 
|  20|0x000000070ce00000, 0x000000070ce00000, 0x000000070d000000|  0%| F|  |TAMS 0x000000070ce00000, 0x000000070ce00000| Untracked 
|  21|0x000000070d000000, 0x000000070d000000, 0x000000070d200000|  0%| F|  |TAMS 0x000000070d000000, 0x000000070d000000| Untracked 
|  22|0x000000070d200000, 0x000000070d200000, 0x000000070d400000|  0%| F|  |TAMS 0x000000070d200000, 0x000000070d200000| Untracked 
|  23|0x000000070d400000, 0x000000070d400000, 0x000000070d600000|  0%| F|  |TAMS 0x000000070d400000, 0x000000070d400000| Untracked 
|  24|0x000000070d600000, 0x000000070d600000, 0x000000070d800000|  0%| F|  |TAMS 0x000000070d600000, 0x000000070d600000| Untracked 
|  25|0x000000070d800000, 0x000000070d800000, 0x000000070da00000|  0%| F|  |TAMS 0x000000070d800000, 0x000000070d800000| Untracked 
|  26|0x000000070da00000, 0x000000070da00000, 0x000000070dc00000|  0%| F|  |TAMS 0x000000070da00000, 0x000000070da00000| Untracked 
|  27|0x000000070dc00000, 0x000000070dc00000, 0x000000070de00000|  0%| F|  |TAMS 0x000000070dc00000, 0x000000070dc00000| Untracked 
|  28|0x000000070de00000, 0x000000070de00000, 0x000000070e000000|  0%| F|  |TAMS 0x000000070de00000, 0x000000070de00000| Untracked 
|  29|0x000000070e000000, 0x000000070e000000, 0x000000070e200000|  0%| F|  |TAMS 0x000000070e000000, 0x000000070e000000| Untracked 
|  30|0x000000070e200000, 0x000000070e200000, 0x000000070e400000|  0%| F|  |TAMS 0x000000070e200000, 0x000000070e200000| Untracked 
|  31|0x000000070e400000, 0x000000070e400000, 0x000000070e600000|  0%| F|  |TAMS 0x000000070e400000, 0x000000070e400000| Untracked 
|  32|0x000000070e600000, 0x000000070e600000, 0x000000070e800000|  0%| F|  |TAMS 0x000000070e600000, 0x000000070e600000| Untracked 
|  33|0x000000070e800000, 0x000000070e800000, 0x000000070ea00000|  0%| F|  |TAMS 0x000000070e800000, 0x000000070e800000| Untracked 
|  34|0x000000070ea00000, 0x000000070ea00000, 0x000000070ec00000|  0%| F|  |TAMS 0x000000070ea00000, 0x000000070ea00000| Untracked 
|  35|0x000000070ec00000, 0x000000070ec00000, 0x000000070ee00000|  0%| F|  |TAMS 0x000000070ec00000, 0x000000070ec00000| Untracked 
|  36|0x000000070ee00000, 0x000000070ee00000, 0x000000070f000000|  0%| F|  |TAMS 0x000000070ee00000, 0x000000070ee00000| Untracked 
|  37|0x000000070f000000, 0x000000070f000000, 0x000000070f200000|  0%| F|  |TAMS 0x000000070f000000, 0x000000070f000000| Untracked 
|  38|0x000000070f200000, 0x000000070f200000, 0x000000070f400000|  0%| F|  |TAMS 0x000000070f200000, 0x000000070f200000| Untracked 
|  39|0x000000070f400000, 0x000000070f400000, 0x000000070f600000|  0%| F|  |TAMS 0x000000070f400000, 0x000000070f400000| Untracked 
|  40|0x000000070f600000, 0x000000070f600000, 0x000000070f800000|  0%| F|  |TAMS 0x000000070f600000, 0x000000070f600000| Untracked 
|  41|0x000000070f800000, 0x000000070f800000, 0x000000070fa00000|  0%| F|  |TAMS 0x000000070f800000, 0x000000070f800000| Untracked 
|  42|0x000000070fa00000, 0x000000070fa00000, 0x000000070fc00000|  0%| F|  |TAMS 0x000000070fa00000, 0x000000070fa00000| Untracked 
|  43|0x000000070fc00000, 0x000000070fc00000, 0x000000070fe00000|  0%| F|  |TAMS 0x000000070fc00000, 0x000000070fc00000| Untracked 
|  44|0x000000070fe00000, 0x000000070fe00000, 0x0000000710000000|  0%| F|  |TAMS 0x000000070fe00000, 0x000000070fe00000| Untracked 
|  45|0x0000000710000000, 0x0000000710000000, 0x0000000710200000|  0%| F|  |TAMS 0x0000000710000000, 0x0000000710000000| Untracked 
|  46|0x0000000710200000, 0x0000000710200000, 0x0000000710400000|  0%| F|  |TAMS 0x0000000710200000, 0x0000000710200000| Untracked 
|  47|0x0000000710400000, 0x0000000710400000, 0x0000000710600000|  0%| F|  |TAMS 0x0000000710400000, 0x0000000710400000| Untracked 
|  48|0x0000000710600000, 0x0000000710600000, 0x0000000710800000|  0%| F|  |TAMS 0x0000000710600000, 0x0000000710600000| Untracked 
|  49|0x0000000710800000, 0x0000000710800000, 0x0000000710a00000|  0%| F|  |TAMS 0x0000000710800000, 0x0000000710800000| Untracked 
|  50|0x0000000710a00000, 0x0000000710a00000, 0x0000000710c00000|  0%| F|  |TAMS 0x0000000710a00000, 0x0000000710a00000| Untracked 
|  51|0x0000000710c00000, 0x0000000710c00000, 0x0000000710e00000|  0%| F|  |TAMS 0x0000000710c00000, 0x0000000710c00000| Untracked 
|  52|0x0000000710e00000, 0x0000000710e00000, 0x0000000711000000|  0%| F|  |TAMS 0x0000000710e00000, 0x0000000710e00000| Untracked 
|  53|0x0000000711000000, 0x0000000711000000, 0x0000000711200000|  0%| F|  |TAMS 0x0000000711000000, 0x0000000711000000| Untracked 
|  54|0x0000000711200000, 0x0000000711200000, 0x0000000711400000|  0%| F|  |TAMS 0x0000000711200000, 0x0000000711200000| Untracked 
|  55|0x0000000711400000, 0x0000000711400000, 0x0000000711600000|  0%| F|  |TAMS 0x0000000711400000, 0x0000000711400000| Untracked 
|  56|0x0000000711600000, 0x0000000711600000, 0x0000000711800000|  0%| F|  |TAMS 0x0000000711600000, 0x0000000711600000| Untracked 
|  57|0x0000000711800000, 0x0000000711800000, 0x0000000711a00000|  0%| F|  |TAMS 0x0000000711800000, 0x0000000711800000| Untracked 
|  58|0x0000000711a00000, 0x0000000711a00000, 0x0000000711c00000|  0%| F|  |TAMS 0x0000000711a00000, 0x0000000711a00000| Untracked 
|  59|0x0000000711c00000, 0x0000000711c00000, 0x0000000711e00000|  0%| F|  |TAMS 0x0000000711c00000, 0x0000000711c00000| Untracked 
|  60|0x0000000711e00000, 0x0000000711e00000, 0x0000000712000000|  0%| F|  |TAMS 0x0000000711e00000, 0x0000000711e00000| Untracked 
|  61|0x0000000712000000, 0x0000000712000000, 0x0000000712200000|  0%| F|  |TAMS 0x0000000712000000, 0x0000000712000000| Untracked 
|  62|0x0000000712200000, 0x0000000712200000, 0x0000000712400000|  0%| F|  |TAMS 0x0000000712200000, 0x0000000712200000| Untracked 
|  63|0x0000000712400000, 0x0000000712400000, 0x0000000712600000|  0%| F|  |TAMS 0x0000000712400000, 0x0000000712400000| Untracked 
|  64|0x0000000712600000, 0x0000000712600000, 0x0000000712800000|  0%| F|  |TAMS 0x0000000712600000, 0x0000000712600000| Untracked 
|  65|0x0000000712800000, 0x0000000712800000, 0x0000000712a00000|  0%| F|  |TAMS 0x0000000712800000, 0x0000000712800000| Untracked 
|  66|0x0000000712a00000, 0x0000000712a00000, 0x0000000712c00000|  0%| F|  |TAMS 0x0000000712a00000, 0x0000000712a00000| Untracked 
|  67|0x0000000712c00000, 0x0000000712c00000, 0x0000000712e00000|  0%| F|  |TAMS 0x0000000712c00000, 0x0000000712c00000| Untracked 
|  68|0x0000000712e00000, 0x0000000712e00000, 0x0000000713000000|  0%| F|  |TAMS 0x0000000712e00000, 0x0000000712e00000| Untracked 
|  69|0x0000000713000000, 0x0000000713000000, 0x0000000713200000|  0%| F|  |TAMS 0x0000000713000000, 0x0000000713000000| Untracked 
|  70|0x0000000713200000, 0x0000000713200000, 0x0000000713400000|  0%| F|  |TAMS 0x0000000713200000, 0x0000000713200000| Untracked 
|  71|0x0000000713400000, 0x0000000713400000, 0x0000000713600000|  0%| F|  |TAMS 0x0000000713400000, 0x0000000713400000| Untracked 
|  72|0x0000000713600000, 0x0000000713600000, 0x0000000713800000|  0%| F|  |TAMS 0x0000000713600000, 0x0000000713600000| Untracked 
|  73|0x0000000713800000, 0x0000000713800000, 0x0000000713a00000|  0%| F|  |TAMS 0x0000000713800000, 0x0000000713800000| Untracked 
|  74|0x0000000713a00000, 0x0000000713a00000, 0x0000000713c00000|  0%| F|  |TAMS 0x0000000713a00000, 0x0000000713a00000| Untracked 
|  75|0x0000000713c00000, 0x0000000713c00000, 0x0000000713e00000|  0%| F|  |TAMS 0x0000000713c00000, 0x0000000713c00000| Untracked 
|  76|0x0000000713e00000, 0x0000000713e00000, 0x0000000714000000|  0%| F|  |TAMS 0x0000000713e00000, 0x0000000713e00000| Untracked 
|  77|0x0000000714000000, 0x0000000714000000, 0x0000000714200000|  0%| F|  |TAMS 0x0000000714000000, 0x0000000714000000| Untracked 
|  78|0x0000000714200000, 0x0000000714200000, 0x0000000714400000|  0%| F|  |TAMS 0x0000000714200000, 0x0000000714200000| Untracked 
|  79|0x0000000714400000, 0x0000000714400000, 0x0000000714600000|  0%| F|  |TAMS 0x0000000714400000, 0x0000000714400000| Untracked 
|  80|0x0000000714600000, 0x0000000714600000, 0x0000000714800000|  0%| F|  |TAMS 0x0000000714600000, 0x0000000714600000| Untracked 
|  81|0x0000000714800000, 0x0000000714800000, 0x0000000714a00000|  0%| F|  |TAMS 0x0000000714800000, 0x0000000714800000| Untracked 
|  82|0x0000000714a00000, 0x0000000714a00000, 0x0000000714c00000|  0%| F|  |TAMS 0x0000000714a00000, 0x0000000714a00000| Untracked 
|  83|0x0000000714c00000, 0x0000000714c00000, 0x0000000714e00000|  0%| F|  |TAMS 0x0000000714c00000, 0x0000000714c00000| Untracked 
|  84|0x0000000714e00000, 0x0000000714e00000, 0x0000000715000000|  0%| F|  |TAMS 0x0000000714e00000, 0x0000000714e00000| Untracked 
|  85|0x0000000715000000, 0x0000000715000000, 0x0000000715200000|  0%| F|  |TAMS 0x0000000715000000, 0x0000000715000000| Untracked 
|  86|0x0000000715200000, 0x0000000715200000, 0x0000000715400000|  0%| F|  |TAMS 0x0000000715200000, 0x0000000715200000| Untracked 
|  87|0x0000000715400000, 0x0000000715400000, 0x0000000715600000|  0%| F|  |TAMS 0x0000000715400000, 0x0000000715400000| Untracked 
|  88|0x0000000715600000, 0x0000000715600000, 0x0000000715800000|  0%| F|  |TAMS 0x0000000715600000, 0x0000000715600000| Untracked 
|  89|0x0000000715800000, 0x0000000715800000, 0x0000000715a00000|  0%| F|  |TAMS 0x0000000715800000, 0x0000000715800000| Untracked 
|  90|0x0000000715a00000, 0x0000000715a00000, 0x0000000715c00000|  0%| F|  |TAMS 0x0000000715a00000, 0x0000000715a00000| Untracked 
|  91|0x0000000715c00000, 0x0000000715c00000, 0x0000000715e00000|  0%| F|  |TAMS 0x0000000715c00000, 0x0000000715c00000| Untracked 
|  92|0x0000000715e00000, 0x0000000715e00000, 0x0000000716000000|  0%| F|  |TAMS 0x0000000715e00000, 0x0000000715e00000| Untracked 
|  93|0x0000000716000000, 0x0000000716000000, 0x0000000716200000|  0%| F|  |TAMS 0x0000000716000000, 0x0000000716000000| Untracked 
|  94|0x0000000716200000, 0x0000000716200000, 0x0000000716400000|  0%| F|  |TAMS 0x0000000716200000, 0x0000000716200000| Untracked 
|  95|0x0000000716400000, 0x0000000716400000, 0x0000000716600000|  0%| F|  |TAMS 0x0000000716400000, 0x0000000716400000| Untracked 
|  96|0x0000000716600000, 0x0000000716600000, 0x0000000716800000|  0%| F|  |TAMS 0x0000000716600000, 0x0000000716600000| Untracked 
|  97|0x0000000716800000, 0x0000000716800000, 0x0000000716a00000|  0%| F|  |TAMS 0x0000000716800000, 0x0000000716800000| Untracked 
|  98|0x0000000716a00000, 0x0000000716a00000, 0x0000000716c00000|  0%| F|  |TAMS 0x0000000716a00000, 0x0000000716a00000| Untracked 
|  99|0x0000000716c00000, 0x0000000716c00000, 0x0000000716e00000|  0%| F|  |TAMS 0x0000000716c00000, 0x0000000716c00000| Untracked 
| 100|0x0000000716e00000, 0x0000000716e00000, 0x0000000717000000|  0%| F|  |TAMS 0x0000000716e00000, 0x0000000716e00000| Untracked 
| 101|0x0000000717000000, 0x0000000717000000, 0x0000000717200000|  0%| F|  |TAMS 0x0000000717000000, 0x0000000717000000| Untracked 
| 102|0x0000000717200000, 0x0000000717200000, 0x0000000717400000|  0%| F|  |TAMS 0x0000000717200000, 0x0000000717200000| Untracked 
| 103|0x0000000717400000, 0x0000000717400000, 0x0000000717600000|  0%| F|  |TAMS 0x0000000717400000, 0x0000000717400000| Untracked 
| 104|0x0000000717600000, 0x0000000717600000, 0x0000000717800000|  0%| F|  |TAMS 0x0000000717600000, 0x0000000717600000| Untracked 
| 105|0x0000000717800000, 0x0000000717800000, 0x0000000717a00000|  0%| F|  |TAMS 0x0000000717800000, 0x0000000717800000| Untracked 
| 106|0x0000000717a00000, 0x0000000717a00000, 0x0000000717c00000|  0%| F|  |TAMS 0x0000000717a00000, 0x0000000717a00000| Untracked 
| 107|0x0000000717c00000, 0x0000000717c00000, 0x0000000717e00000|  0%| F|  |TAMS 0x0000000717c00000, 0x0000000717c00000| Untracked 
| 108|0x0000000717e00000, 0x0000000717e00000, 0x0000000718000000|  0%| F|  |TAMS 0x0000000717e00000, 0x0000000717e00000| Untracked 
| 109|0x0000000718000000, 0x0000000718000000, 0x0000000718200000|  0%| F|  |TAMS 0x0000000718000000, 0x0000000718000000| Untracked 
| 110|0x0000000718200000, 0x0000000718200000, 0x0000000718400000|  0%| F|  |TAMS 0x0000000718200000, 0x0000000718200000| Untracked 
| 111|0x0000000718400000, 0x0000000718400000, 0x0000000718600000|  0%| F|  |TAMS 0x0000000718400000, 0x0000000718400000| Untracked 
| 112|0x0000000718600000, 0x0000000718600000, 0x0000000718800000|  0%| F|  |TAMS 0x0000000718600000, 0x0000000718600000| Untracked 
| 113|0x0000000718800000, 0x0000000718800000, 0x0000000718a00000|  0%| F|  |TAMS 0x0000000718800000, 0x0000000718800000| Untracked 
| 114|0x0000000718a00000, 0x0000000718a00000, 0x0000000718c00000|  0%| F|  |TAMS 0x0000000718a00000, 0x0000000718a00000| Untracked 
| 115|0x0000000718c00000, 0x0000000718c00000, 0x0000000718e00000|  0%| F|  |TAMS 0x0000000718c00000, 0x0000000718c00000| Untracked 
| 116|0x0000000718e00000, 0x0000000718e00000, 0x0000000719000000|  0%| F|  |TAMS 0x0000000718e00000, 0x0000000718e00000| Untracked 
| 117|0x0000000719000000, 0x0000000719000000, 0x0000000719200000|  0%| F|  |TAMS 0x0000000719000000, 0x0000000719000000| Untracked 
| 118|0x0000000719200000, 0x0000000719200000, 0x0000000719400000|  0%| F|  |TAMS 0x0000000719200000, 0x0000000719200000| Untracked 
| 119|0x0000000719400000, 0x00000007194e1cc0, 0x0000000719600000| 44%| E|  |TAMS 0x0000000719400000, 0x0000000719400000| Complete 
| 120|0x0000000719600000, 0x0000000719800000, 0x0000000719800000|100%| E|CS|TAMS 0x0000000719600000, 0x0000000719600000| Complete 
| 121|0x0000000719800000, 0x0000000719a00000, 0x0000000719a00000|100%| E|CS|TAMS 0x0000000719800000, 0x0000000719800000| Complete 
| 122|0x0000000719a00000, 0x0000000719c00000, 0x0000000719c00000|100%| E|CS|TAMS 0x0000000719a00000, 0x0000000719a00000| Complete 

Card table byte_map: [0x0000014bcdcb0000,0x0000014bce460000] _byte_map_base: 0x0000014bca45d000

Marking Bits (Prev, Next): (CMBitMap*) 0x0000014bba585c80, (CMBitMap*) 0x0000014bba585cc0
 Prev Bits: [0x0000014bcec10000, 0x0000014bd2978000)
 Next Bits: [0x0000014bd2980000, 0x0000014bd66e8000)

Polling page: 0x0000014bb9ce0000

Metaspace:

Usage:
  Non-class:      8.91 MB used.
      Class:    943.01 KB used.
       Both:      9.83 MB used.

Virtual space:
  Non-class space:       16.00 MB reserved,       8.94 MB ( 56%) committed,  2 nodes.
      Class space:        1.00 GB reserved,       1.00 MB ( <1%) committed,  1 nodes.
             Both:        1.02 GB reserved,       9.94 MB ( <1%) committed. 

Chunk freelists:
   Non-Class:  2.92 MB
       Class:  3.01 MB
        Both:  5.93 MB

MaxMetaspaceSize: unlimited
CompressedClassSpaceSize: 1.00 GB
Initial GC threshold: 21.00 MB
Current GC threshold: 21.00 MB
CDS: off
MetaspaceReclaimPolicy: balanced
 - commit_granule_bytes: 65536.
 - commit_granule_words: 8192.
 - virtual_space_node_default_size: 1048576.
 - enlarge_chunks_in_place: 1.
 - new_chunks_are_fully_committed: 0.
 - uncommit_free_chunks: 1.
 - use_allocation_guard: 0.
 - handle_deallocations: 1.


Internal statistics:

num_allocs_failed_limit: 0.
num_arena_births: 28.
num_arena_deaths: 0.
num_vsnodes_births: 3.
num_vsnodes_deaths: 0.
num_space_committed: 159.
num_space_uncommitted: 0.
num_chunks_returned_to_freelist: 0.
num_chunks_taken_from_freelist: 67.
num_chunk_merges: 0.
num_chunk_splits: 34.
num_chunks_enlarged: 20.
num_purges: 0.
num_inconsistent_stats: 0.

CodeHeap 'non-profiled nmethods': size=119168Kb used=134Kb max_used=134Kb free=119033Kb
 bounds [0x0000014bc5820000, 0x0000014bc5a90000, 0x0000014bccc80000]
CodeHeap 'profiled nmethods': size=119104Kb used=878Kb max_used=878Kb free=118225Kb
 bounds [0x0000014bbdc80000, 0x0000014bbdef0000, 0x0000014bc50d0000]
CodeHeap 'non-nmethods': size=7488Kb used=2835Kb max_used=2849Kb free=4652Kb
 bounds [0x0000014bc50d0000, 0x0000014bc53a0000, 0x0000014bc5820000]
 total_blobs=1010 nmethods=573 adapters=347
 compilation: enabled
              stopped_count=0, restarted_count=0
 full_count=0

Compilation events (20 events):
Event: 0.449 Thread 0x0000014bd9891010 nmethod 560 0x0000014bbdd52590 code [0x0000014bbdd52740, 0x0000014bbdd52968]
Event: 0.449 Thread 0x0000014bd99df670 nmethod 561 0x0000014bbdd52a10 code [0x0000014bbdd52bc0, 0x0000014bbdd52e48]
Event: 0.450 Thread 0x0000014bd9846a50 nmethod 555 0x0000014bc5840d90 code [0x0000014bc5840f20, 0x0000014bc5841058]
Event: 0.450 Thread 0x0000014bd9846a50  562       4       jdk.internal.misc.Unsafe::getIntUnaligned (12 bytes)
Event: 0.450 Thread 0x0000014bd99ee590 nmethod 544 0x0000014bbdd52f90 code [0x0000014bbdd53340, 0x0000014bbdd54c18]
Event: 0.451 Thread 0x0000014bd9846a50 nmethod 562 0x0000014bc5841210 code [0x0000014bc5841380, 0x0000014bc5841438]
Event: 0.451 Thread 0x0000014bd9846a50  564 %     4       sun.security.provider.SHA::implCompress0 @ 27 (506 bytes)
Event: 0.452 Thread 0x0000014bd9891010  566       3       java.lang.invoke.MethodType$ConcurrentWeakInternSet::expungeStaleElements (27 bytes)
Event: 0.452 Thread 0x0000014bd99df670  568       3       sun.invoke.util.VerifyAccess::isTypeVisible (118 bytes)
Event: 0.452 Thread 0x0000014bd9891010 nmethod 566 0x0000014bbdd55990 code [0x0000014bbdd55b60, 0x0000014bbdd56058]
Event: 0.453 Thread 0x0000014bd99ee590  569       3       java.lang.invoke.LambdaForm$BasicType::basicType (19 bytes)
Event: 0.453 Thread 0x0000014bd9891010  571       3       jdk.internal.org.objectweb.asm.SymbolTable::addConstantUtf8Reference (101 bytes)
Event: 0.453 Thread 0x0000014bd99ee590 nmethod 569 0x0000014bbdd56210 code [0x0000014bbdd563e0, 0x0000014bbdd56638]
Event: 0.453 Thread 0x0000014bd99ee590  570       3       jdk.internal.org.objectweb.asm.SymbolTable::addConstantClass (8 bytes)
Event: 0.453 Thread 0x0000014bd99ee590 nmethod 570 0x0000014bbdd56790 code [0x0000014bbdd56920, 0x0000014bbdd56a68]
Event: 0.453 Thread 0x0000014bd99ee590  573       3       java.lang.Object::equals (11 bytes)
Event: 0.454 Thread 0x0000014bd99ee590 nmethod 573 0x0000014bbdd56b10 code [0x0000014bbdd56ca0, 0x0000014bbdd56e18]
Event: 0.454 Thread 0x0000014bd99ee590  572       3       java.lang.String::replace (42 bytes)
Event: 0.454 Thread 0x0000014bd9891010 nmethod 571 0x0000014bbdd56e90 code [0x0000014bbdd570a0, 0x0000014bbdd57698]
Event: 0.454 Thread 0x0000014bd99ee590 nmethod 572 0x0000014bbdd57990 code [0x0000014bbdd57b60, 0x0000014bbdd57e98]

GC Heap History (0 events):
No events

Dll operation events (1 events):
Event: 0.009 Loaded shared library C:\Users\shota\AppData\Local\JetBrains\Toolbox\apps\Rider\ch-0\231.8770.54\jbr\bin\java.dll

Deoptimization events (6 events):
Event: 0.437 Thread 0x0000014bba51b860 DEOPT PACKING pc=0x0000014bbdcbdfad sp=0x00000014e12fe080
Event: 0.437 Thread 0x0000014bba51b860 DEOPT UNPACKING pc=0x0000014bc5127143 sp=0x00000014e12fd518 mode 0
Event: 0.457 Thread 0x0000014bba51b860 Uncommon trap: trap_request=0xffffff45 fr.pc=0x0000014bc58413f4 relative=0x0000000000000074
Event: 0.457 Thread 0x0000014bba51b860 Uncommon trap: reason=unstable_if action=reinterpret pc=0x0000014bc58413f4 method=jdk.internal.misc.Unsafe.convEndian(ZI)I @ 4 c2
Event: 0.457 Thread 0x0000014bba51b860 DEOPT PACKING pc=0x0000014bc58413f4 sp=0x00000014e12fe000
Event: 0.457 Thread 0x0000014bba51b860 DEOPT UNPACKING pc=0x0000014bc51269a3 sp=0x00000014e12fdf30 mode 2

Classes unloaded (0 events):
No events

Classes redefined (0 events):
No events

Internal exceptions (9 events):
Event: 0.286 Thread 0x0000014bba51b860 Exception <a 'sun/nio/fs/WindowsException'{0x00000007196281e0}> (0x00000007196281e0) 
thrown [s\src\hotspot\share\prims\jni.cpp, line 517]
Event: 0.309 Thread 0x0000014bba51b860 Exception <a 'java/lang/NoSuchMethodError'{0x0000000719653be8}: 'int java.lang.invoke.DirectMethodHandle$Holder.invokeStaticInit(java.lang.Object, java.lang.Object, java.lang.Object, java.lang.Object)'> (0x0000000719653be8) 
thrown [s\src\hotspot\share\interpreter\linkResolver.cpp, line 771]
Event: 0.312 Thread 0x0000014bba51b860 Exception <a 'java/lang/NoSuchMethodError'{0x000000071965e848}: 'java.lang.Object java.lang.invoke.DirectMethodHandle$Holder.invokeInterface(java.lang.Object, java.lang.Object)'> (0x000000071965e848) 
thrown [s\src\hotspot\share\interpreter\linkResolver.cpp, line 771]
Event: 0.313 Thread 0x0000014bba51b860 Exception <a 'java/lang/IncompatibleClassChangeError'{0x0000000719662168}: Found class java.lang.Object, but interface was expected> (0x0000000719662168) 
thrown [s\src\hotspot\share\interpreter\linkResolver.cpp, line 838]
Event: 0.313 Thread 0x0000014bba51b860 Exception <a 'java/lang/NoSuchMethodError'{0x0000000719665518}: 'void java.lang.invoke.DirectMethodHandle$Holder.invokeStatic(java.lang.Object, java.lang.Object)'> (0x0000000719665518) 
thrown [s\src\hotspot\share\interpreter\linkResolver.cpp, line 771]
Event: 0.314 Thread 0x0000014bba51b860 Exception <a 'java/lang/NoSuchMethodError'{0x0000000719668e30}: 'void java.lang.invoke.DirectMethodHandle$Holder.invokeStaticInit(java.lang.Object, java.lang.Object)'> (0x0000000719668e30) 
thrown [s\src\hotspot\share\interpreter\linkResolver.cpp, line 771]
Event: 0.316 Thread 0x0000014bba51b860 Exception <a 'java/lang/NoSuchMethodError'{0x000000071966f8c8}: 'int java.lang.invoke.DirectMethodHandle$Holder.invokeStaticInit(java.lang.Object, java.lang.Object)'> (0x000000071966f8c8) 
thrown [s\src\hotspot\share\interpreter\linkResolver.cpp, line 771]
Event: 0.363 Thread 0x0000014bba51b860 Exception <a 'java/lang/NoSuchMethodError'{0x0000000719755b88}: 'java.lang.Object java.lang.invoke.DirectMethodHandle$Holder.invokeStaticInit(java.lang.Object, int, int, int, int)'> (0x0000000719755b88) 
thrown [s\src\hotspot\share\interpreter\linkResolver.cpp, line 771]
Event: 0.453 Thread 0x0000014bba51b860 Exception <a 'java/lang/NoSuchMethodError'{0x0000000719479e20}: 'java.lang.Object java.lang.invoke.DirectMethodHandle$Holder.invokeStaticInit(java.lang.Object, java.lang.Object, int, int, int, int)'> (0x0000000719479e20) 
thrown [s\src\hotspot\share\interpreter\linkResolver.cpp, line 771]

VM Operations (6 events):
Event: 0.153 Executing VM operation: HandshakeAllThreads
Event: 0.153 Executing VM operation: HandshakeAllThreads done
Event: 0.172 Executing VM operation: HandshakeAllThreads
Event: 0.173 Executing VM operation: HandshakeAllThreads done
Event: 0.382 Executing VM operation: HandshakeAllThreads
Event: 0.382 Executing VM operation: HandshakeAllThreads done

Events (20 events):
Event: 0.383 loading class java/net/InetAddress$PlatformNameService done
Event: 0.383 loading class java/net/Inet4Address
Event: 0.384 loading class java/net/Inet4Address done
Event: 0.384 loading class java/net/Inet6Address
Event: 0.384 loading class java/net/Inet6Address done
Event: 0.384 loading class java/net/Inet6Address$Inet6AddressHolder
Event: 0.384 loading class java/net/Inet6Address$Inet6AddressHolder done
Event: 0.384 loading class java/net/DefaultInterface
Event: 0.384 loading class java/net/DefaultInterface done
Event: 0.397 loading class java/net/NetworkInterface$1
Event: 0.397 loading class java/net/NetworkInterface$1 done
Event: 0.430 loading class java/nio/file/Files$AcceptAllFilter
Event: 0.431 loading class java/nio/file/Files$AcceptAllFilter done
Event: 0.441 Thread 0x0000014bda586020 Thread added: 0x0000014bda586020
Event: 0.455 loading class sun/security/provider/AbstractDrbg$NonceProvider
Event: 0.455 loading class sun/security/provider/AbstractDrbg$NonceProvider done
Event: 0.455 loading class sun/security/provider/SHA2$SHA256
Event: 0.455 loading class sun/security/provider/SHA2
Event: 0.455 loading class sun/security/provider/SHA2 done
Event: 0.455 loading class sun/security/provider/SHA2$SHA256 done


Dynamic libraries:
0x00007ff6ab780000 - 0x00007ff6ab78a000 	C:\Users\shota\AppData\Local\JetBrains\Toolbox\apps\Rider\ch-0\231.8770.54\jbr\bin\java.exe
0x00007fffe7350000 - 0x00007fffe7564000 	C:\WINDOWS\SYSTEM32\ntdll.dll
0x00007fffe56f0000 - 0x00007fffe57b2000 	C:\WINDOWS\System32\KERNEL32.DLL
0x00007fffe4890000 - 0x00007fffe4c33000 	C:\WINDOWS\System32\KERNELBASE.dll
0x00007fffe4d80000 - 0x00007fffe4e91000 	C:\WINDOWS\System32\ucrtbase.dll
0x00007fffa5680000 - 0x00007fffa5697000 	C:\Users\shota\AppData\Local\JetBrains\Toolbox\apps\Rider\ch-0\231.8770.54\jbr\bin\jli.dll
0x00007fffa8a90000 - 0x00007fffa8aab000 	C:\Users\shota\AppData\Local\JetBrains\Toolbox\apps\Rider\ch-0\231.8770.54\jbr\bin\VCRUNTIME140.dll
0x00007fffe6c80000 - 0x00007fffe6e2b000 	C:\WINDOWS\System32\USER32.dll
0x00007fffc9ab0000 - 0x00007fffc9d3e000 	C:\WINDOWS\WinSxS\amd64_microsoft.windows.common-controls_6595b64144ccf1df_6.0.22621.1635_none_270f70857386168e\COMCTL32.dll
0x00007fffe5010000 - 0x00007fffe5036000 	C:\WINDOWS\System32\win32u.dll
0x00007fffe5270000 - 0x00007fffe5317000 	C:\WINDOWS\System32\msvcrt.dll
0x00007fffe5ca0000 - 0x00007fffe5cc9000 	C:\WINDOWS\System32\GDI32.dll
0x00007fffe4770000 - 0x00007fffe4888000 	C:\WINDOWS\System32\gdi32full.dll
0x00007fffe5040000 - 0x00007fffe50da000 	C:\WINDOWS\System32\msvcp_win.dll
0x00007fffe5ab0000 - 0x00007fffe5ae1000 	C:\WINDOWS\System32\IMM32.DLL
0x00007fffdf8b0000 - 0x00007fffdf8bc000 	C:\Users\shota\AppData\Local\JetBrains\Toolbox\apps\Rider\ch-0\231.8770.54\jbr\bin\vcruntime140_1.dll
0x00007fff87730000 - 0x00007fff877bd000 	C:\Users\shota\AppData\Local\JetBrains\Toolbox\apps\Rider\ch-0\231.8770.54\jbr\bin\msvcp140.dll
0x00007fff40120000 - 0x00007fff40d8e000 	C:\Users\shota\AppData\Local\JetBrains\Toolbox\apps\Rider\ch-0\231.8770.54\jbr\bin\server\jvm.dll
0x00007fffe6290000 - 0x00007fffe633e000 	C:\WINDOWS\System32\ADVAPI32.dll
0x00007fffe63d0000 - 0x00007fffe6474000 	C:\WINDOWS\System32\sechost.dll
0x00007fffe5150000 - 0x00007fffe5267000 	C:\WINDOWS\System32\RPCRT4.dll
0x00007fffdc0c0000 - 0x00007fffdc0f4000 	C:\WINDOWS\SYSTEM32\WINMM.dll
0x00007fffdcf00000 - 0x00007fffdcf0a000 	C:\WINDOWS\SYSTEM32\VERSION.dll
0x00007fff69e20000 - 0x00007fff69e29000 	C:\WINDOWS\SYSTEM32\WSOCK32.dll
0x00007fffe5320000 - 0x00007fffe5391000 	C:\WINDOWS\System32\WS2_32.dll
0x00007fffe3780000 - 0x00007fffe3798000 	C:\WINDOWS\SYSTEM32\kernel.appcore.dll
0x00007fffc28e0000 - 0x00007fffc28ea000 	C:\Users\shota\AppData\Local\JetBrains\Toolbox\apps\Rider\ch-0\231.8770.54\jbr\bin\jimage.dll
0x00007fffe21a0000 - 0x00007fffe23ce000 	C:\WINDOWS\SYSTEM32\DBGHELP.DLL
0x00007fffe5cd0000 - 0x00007fffe6059000 	C:\WINDOWS\System32\combase.dll
0x00007fffe5540000 - 0x00007fffe5617000 	C:\WINDOWS\System32\OLEAUT32.dll
0x00007fffca340000 - 0x00007fffca372000 	C:\WINDOWS\SYSTEM32\dbgcore.DLL
0x00007fffe4c40000 - 0x00007fffe4cbb000 	C:\WINDOWS\System32\bcryptPrimitives.dll
0x00007fffc28b0000 - 0x00007fffc28d5000 	C:\Users\shota\AppData\Local\JetBrains\Toolbox\apps\Rider\ch-0\231.8770.54\jbr\bin\java.dll
0x00007fffb0250000 - 0x00007fffb0268000 	C:\Users\shota\AppData\Local\JetBrains\Toolbox\apps\Rider\ch-0\231.8770.54\jbr\bin\zip.dll
0x00007fffe6480000 - 0x00007fffe6c7a000 	C:\WINDOWS\System32\SHELL32.dll
0x00007fffe2720000 - 0x00007fffe2fee000 	C:\WINDOWS\SYSTEM32\windows.storage.dll
0x00007fffe25e0000 - 0x00007fffe271e000 	C:\WINDOWS\SYSTEM32\wintypes.dll
0x00007fffe6190000 - 0x00007fffe6281000 	C:\WINDOWS\System32\SHCORE.dll
0x00007fffe6e30000 - 0x00007fffe6e8e000 	C:\WINDOWS\System32\shlwapi.dll
0x00007fffe46a0000 - 0x00007fffe46c1000 	C:\WINDOWS\SYSTEM32\profapi.dll
0x00007fffa9710000 - 0x00007fffa9729000 	C:\Users\shota\AppData\Local\JetBrains\Toolbox\apps\Rider\ch-0\231.8770.54\jbr\bin\net.dll
0x00007fffdeea0000 - 0x00007fffdefd7000 	C:\WINDOWS\SYSTEM32\WINHTTP.dll
0x00007fffe3be0000 - 0x00007fffe3c49000 	C:\WINDOWS\system32\mswsock.dll
0x00007fffa8070000 - 0x00007fffa8086000 	C:\Users\shota\AppData\Local\JetBrains\Toolbox\apps\Rider\ch-0\231.8770.54\jbr\bin\nio.dll
0x00007fffb1af0000 - 0x00007fffb1afe000 	C:\Users\shota\AppData\Local\JetBrains\Toolbox\apps\Rider\ch-0\231.8770.54\jbr\bin\sunmscapi.dll
0x00007fffe4ea0000 - 0x00007fffe5007000 	C:\WINDOWS\System32\CRYPT32.dll
0x00007fffe4020000 - 0x00007fffe404e000 	C:\WINDOWS\SYSTEM32\ncrypt.dll
0x00007fffe3fe0000 - 0x00007fffe4017000 	C:\WINDOWS\SYSTEM32\NTASN1.dll
0x00007fffe3f00000 - 0x00007fffe3f1b000 	C:\WINDOWS\SYSTEM32\CRYPTSP.dll
0x00007fffe36f0000 - 0x00007fffe3725000 	C:\WINDOWS\system32\rsaenh.dll
0x00007fffe3c80000 - 0x00007fffe3ca8000 	C:\WINDOWS\SYSTEM32\USERENV.dll
0x00007fffe4050000 - 0x00007fffe4078000 	C:\WINDOWS\SYSTEM32\bcrypt.dll
0x00007fffe3ee0000 - 0x00007fffe3eec000 	C:\WINDOWS\SYSTEM32\CRYPTBASE.dll
0x00007fffe3250000 - 0x00007fffe327d000 	C:\WINDOWS\SYSTEM32\IPHLPAPI.DLL
0x00007fffe5c10000 - 0x00007fffe5c19000 	C:\WINDOWS\System32\NSI.dll
0x00007fffdcf40000 - 0x00007fffdcf59000 	C:\WINDOWS\SYSTEM32\dhcpcsvc6.DLL
0x00007fffdcf20000 - 0x00007fffdcf3f000 	C:\WINDOWS\SYSTEM32\dhcpcsvc.DLL
0x00007fffe32c0000 - 0x00007fffe33b3000 	C:\WINDOWS\SYSTEM32\DNSAPI.dll

dbghelp: loaded successfully - version: 4.0.5 - missing functions: none
symbol engine: initialized successfully - sym options: 0x614 - pdb path: .;C:\Users\shota\AppData\Local\JetBrains\Toolbox\apps\Rider\ch-0\231.8770.54\jbr\bin;C:\WINDOWS\SYSTEM32;C:\WINDOWS\WinSxS\amd64_microsoft.windows.common-controls_6595b64144ccf1df_6.0.22621.1635_none_270f70857386168e;C:\Users\shota\AppData\Local\JetBrains\Toolbox\apps\Rider\ch-0\231.8770.54\jbr\bin\server

VM Arguments:
java_command: git4idea.http.GitAskPassApp Username for 'https://github.com': 
java_class_path (initial): C:/Users/shota/AppData/Local/JetBrains/Toolbox/apps/Rider/ch-0/231.8770.54/plugins/vcs-git/lib/git4idea-rt.jar;C:/Users/shota/AppData/Local/JetBrains/Toolbox/apps/Rider/ch-0/231.8770.54/lib/externalProcess-rt.jar
Launcher Type: SUN_STANDARD

[Global flags]
     intx CICompilerCount                          = 12                                        {product} {ergonomic}
     uint ConcGCThreads                            = 3                                         {product} {ergonomic}
     uint G1ConcRefinementThreads                  = 13                                        {product} {ergonomic}
   size_t G1HeapRegionSize                         = 2097152                                   {product} {ergonomic}
    uintx GCDrainStackTargetSize                   = 64                                        {product} {ergonomic}
   size_t InitialHeapSize                          = 257949696                                 {product} {ergonomic}
   size_t MarkStackSize                            = 4194304                                   {product} {ergonomic}
   size_t MaxHeapSize                              = 4120903680                                {product} {ergonomic}
   size_t MaxNewSize                               = 2472542208                                {product} {ergonomic}
   size_t MinHeapDeltaBytes                        = 2097152                                   {product} {ergonomic}
   size_t MinHeapSize                              = 8388608                                   {product} {ergonomic}
    uintx NonNMethodCodeHeapSize                   = 7602480                                {pd product} {ergonomic}
    uintx NonProfiledCodeHeapSize                  = 122027880                              {pd product} {ergonomic}
    uintx ProfiledCodeHeapSize                     = 122027880                              {pd product} {ergonomic}
    uintx ReservedCodeCacheSize                    = 251658240                              {pd product} {ergonomic}
     bool SegmentedCodeCache                       = true                                      {product} {ergonomic}
   size_t SoftMaxHeapSize                          = 4120903680                             {manageable} {ergonomic}
     bool UseCompressedClassPointers               = true                           {product lp64_product} {ergonomic}
     bool UseCompressedOops                        = true                           {product lp64_product} {ergonomic}
     bool UseG1GC                                  = true                                      {product} {ergonomic}
     bool UseLargePagesIndividualAllocation        = false                                  {pd product} {ergonomic}

Logging:
Log output configuration:
 #0: stdout all=warning uptime,level,tags
 #1: stderr all=off uptime,level,tags

Environment Variables:
PATH=C:\Program Files\Git\mingw64\libexec\git-core;C:\Program Files\Git\mingw64\libexec\git-core;C:\Program Files\Git\mingw64\bin;C:\Program Files\Git\usr\bin;C:\Users\shota\bin;C:\Program Files\Microsoft\jdk-11.0.12.7-hotspot\bin;C:\Program Files (x86)\Common Files\Intel\Shared Libraries\redist\intel64\compiler;C:\windows\system32;C:\windows;C:\windows\System32\Wbem;C:\windows\System32\WindowsPowerShell\v1.0;C:\windows\System32\OpenSSH;C:\Program Files\Git\cmd;C:\Program Files\Microsoft SQL Server\130\Tools\Binn;C:\Program Files\dotnet;C:\Program Files\Microsoft SQL Server\150\Tools\Binn;C:\Program Files\nodejs;C:\Windows\Microsoft.NET\Framework\v4.0.30319;C:\Program Files\Docker\Docker\resources\bin;C:\WINDOWS\system32;C:\WINDOWS;C:\WINDOWS\System32\Wbem;C:\WINDOWS\System32\WindowsPowerShell\v1.0;C:\WINDOWS\System32\OpenSSH;C:\Users\shota\AppData\Local\Microsoft\WindowsApps;C:\texlive\2021\bin\win32;C:\Users\shota\.dotnet\tools;C:\Users\shota\AppData\Roaming\npm;C:\Users\shota\AppData\Local\Packages\PythonSoftwareFoundation.Python.3.9_qbz5n2kfra8p0\LocalCache\local-packages\Python39\Scripts;C:\Users\shota\AppData\Local\Programs\Microsoft VS Code\bin;C:\Users\shota\tools\flutter\bin;C:\Users\shota\AppData\Local\JetBrains\Toolbox\scripts
USERNAME=shota
DISPLAY=:0.0
LC_ALL=en_US.UTF-8
TERM=cygwin
TMPDIR=C:\Users\shota\AppData\Local\Temp
OS=Windows_NT
PROCESSOR_IDENTIFIER=AMD64 Family 25 Model 80 Stepping 0, AuthenticAMD
TMP=C:\Users\shota\AppData\Local\Temp
TEMP=C:\Users\shota\AppData\Local\Temp


JNI global refs:
JNI global refs: 27, weak refs: 0

JNI global refs memory usage: 843, weak refs: 209


---------------  S Y S T E M  ---------------

OS:
 Windows 11 , 64 bit Build 22621 (10.0.22621.1635)
OS uptime: 0 days 0:38 hours
Hyper-V role detected

CPU: total 16 (initial active 16) (16 cores per cpu, 2 threads per core) family 25 model 80 stepping 0 microcode 0x0, cx8, cmov, fxsr, ht, mmx, 3dnowpref, sse, sse2, sse3, ssse3, sse4a, sse4.1, sse4.2, popcnt, lzcnt, tsc, tscinvbit, avx, avx2, aes, erms, clmul, bmi1, bmi2, adx, sha, fma, vzeroupper, clflush, clflushopt, hv

Memory: 4k page, system-wide physical 15715M (3360M free)
TotalPageFile size 16515M (AvailPageFile size 4M)
current process WorkingSet (physical memory assigned to process): 52M, peak: 52M
current process commit charge ("private bytes"): 348M, peak: 348M

vm_info: OpenJDK 64-Bit Server VM (17.0.6+10-b829.9) for windows-amd64 JRE (17.0.6+10-b829.9), built on 2023-04-09 by "builduser" with MS VC++ 16.10 / 16.11 (VS2019)

END.
